app/build/intermediates/manifest_merge_blame_file/debug/manifest-merger-blame-debug-report.txt
1<?xml version="1.0" encoding="utf-8"?>
2<manifest xmlns:android="http://schemas.android.com/apk/res/android"
3    package="com.fadi.nautilus"
4    android:versionCode="1"
5    android:versionName="1.0" >
6
7    <uses-sdk
8        android:minSdkVersion="25"
8-->src/main/AndroidManifest.xml
9        android:targetSdkVersion="32" />
9-->src/main/AndroidManifest.xml
10
11    <!-- Include required permissions for Google Maps API to run. -->
12    <uses-permission android:name="android.permission.ACCESS_NETWORK_STATE" />
12-->[com.google.android.gms:play-services-maps:18.0.2] AndroidManifest.xml:23:5-79
12-->[com.google.android.gms:play-services-maps:18.0.2] AndroidManifest.xml:23:22-76
13    <uses-permission android:name="android.permission.INTERNET" />
13-->[com.google.android.gms:play-services-maps:18.0.2] AndroidManifest.xml:24:5-67
13-->[com.google.android.gms:play-services-maps:18.0.2] AndroidManifest.xml:24:22-64
14
15    <uses-feature
15-->[com.google.android.gms:play-services-maps:18.0.2] AndroidManifest.xml:26:5-28:35
16        android:glEsVersion="0x00020000"
16-->[com.google.android.gms:play-services-maps:18.0.2] AndroidManifest.xml:27:9-41
17        android:required="true" />
17-->[com.google.android.gms:play-services-maps:18.0.2] AndroidManifest.xml:28:9-32
18
19    <queries>
19-->[com.google.android.gms:play-services-maps:18.0.2] AndroidManifest.xml:30:5-34:15
20
21        <!-- Needs to be explicitly declared on Android R+ -->
22        <package android:name="com.google.android.apps.maps" />
22-->[com.google.android.gms:play-services-maps:18.0.2] AndroidManifest.xml:33:9-64
22-->[com.google.android.gms:play-services-maps:18.0.2] AndroidManifest.xml:33:18-61
23    </queries>
24
25    <application
25-->src/main/AndroidManifest.xml:5:5-49:19
26        android:allowBackup="true"
26-->src/main/AndroidManifest.xml:6:9-35
27        android:appComponentFactory="androidx.core.app.CoreComponentFactory"
27-->[androidx.core:core:1.7.0] AndroidManifest.xml:24:18-86
28        android:debuggable="true"
29        android:extractNativeLibs="false"
30        android:icon="@mipmap/ic_launcher"
30-->src/main/AndroidManifest.xml:7:9-43
31        android:label="@string/app_name"
31-->src/main/AndroidManifest.xml:8:9-41
32        android:roundIcon="@mipmap/ic_launcher_round"
32-->src/main/AndroidManifest.xml:9:9-54
33        android:supportsRtl="true"
33-->src/main/AndroidManifest.xml:10:9-35
34        android:testOnly="true"
35        android:theme="@style/Theme.NAUTILUS" >
35-->src/main/AndroidManifest.xml:11:9-46
36        <activity
36-->src/main/AndroidManifest.xml:12:9-14:40
37            android:name="com.fadi.nautilus.kaydol"
37-->src/main/AndroidManifest.xml:13:13-35
38            android:exported="false" />
38-->src/main/AndroidManifest.xml:14:13-37
39        <activity
39-->src/main/AndroidManifest.xml:15:9-17:40
40            android:name="com.fadi.nautilus.alanyaaciklama"
40-->src/main/AndroidManifest.xml:16:13-43
41            android:exported="false" />
41-->src/main/AndroidManifest.xml:17:13-37
42        <activity
42-->src/main/AndroidManifest.xml:18:9-20:40
43            android:name="com.fadi.nautilus.sinemmm"
43-->src/main/AndroidManifest.xml:19:13-36
44            android:exported="false" />
44-->src/main/AndroidManifest.xml:20:13-37
45        <activity
45-->src/main/AndroidManifest.xml:21:9-23:40
46            android:name="com.fadi.nautilus.akdenizalanya"
46-->src/main/AndroidManifest.xml:22:13-42
47            android:exported="false" />
47-->src/main/AndroidManifest.xml:23:13-37
48        <activity
48-->src/main/AndroidManifest.xml:24:9-26:40
49            android:name="com.fadi.nautilus.fovari"
49-->src/main/AndroidManifest.xml:25:13-35
50            android:exported="false" />
50-->src/main/AndroidManifest.xml:26:13-37
51        <activity
51-->src/main/AndroidManifest.xml:27:9-29:40
52            android:name="com.fadi.nautilus.akdeniz"
52-->src/main/AndroidManifest.xml:28:13-36
53            android:exported="false" />
53-->src/main/AndroidManifest.xml:29:13-37
54        <activity
54-->src/main/AndroidManifest.xml:30:9-32:40
55            android:name="com.fadi.nautilus.profil"
55-->src/main/AndroidManifest.xml:31:13-35
56            android:exported="false" />
56-->src/main/AndroidManifest.xml:32:13-37
57        <activity
57-->src/main/AndroidManifest.xml:33:9-35:40
58            android:name="com.fadi.nautilus.navigasyon"
58-->src/main/AndroidManifest.xml:34:13-39
59            android:exported="false" />
59-->src/main/AndroidManifest.xml:35:13-37
60        <activity
60-->src/main/AndroidManifest.xml:36:9-38:40
61            android:name="com.fadi.nautilus.paylas_sayfasi"
61-->src/main/AndroidManifest.xml:37:13-43
62            android:exported="false" />
62-->src/main/AndroidManifest.xml:38:13-37
63        <activity android:name="com.fadi.nautilus.MainActivity" />
63-->src/main/AndroidManifest.xml:39:9-50
63-->src/main/AndroidManifest.xml:39:19-47
64        <activity
64-->src/main/AndroidManifest.xml:40:9-48:20
65            android:name="com.fadi.nautilus.anasayfa"
65-->src/main/AndroidManifest.xml:41:13-37
66            android:exported="true" >
66-->src/main/AndroidManifest.xml:42:13-36
67            <intent-filter>
67-->src/main/AndroidManifest.xml:43:13-47:29
68                <action android:name="android.intent.action.MAIN" />
68-->src/main/AndroidManifest.xml:44:17-69
68-->src/main/AndroidManifest.xml:44:25-66
69
70                <category android:name="android.intent.category.LAUNCHER" />
70-->src/main/AndroidManifest.xml:46:17-77
70-->src/main/AndroidManifest.xml:46:27-74
71            </intent-filter>
72        </activity>
73        <!-- Needs to be explicitly declared on P+ -->
74        <uses-library
74-->[com.google.android.gms:play-services-maps:18.0.2] AndroidManifest.xml:39:9-41:40
75            android:name="org.apache.http.legacy"
75-->[com.google.android.gms:play-services-maps:18.0.2] AndroidManifest.xml:40:13-50
76            android:required="false" />
76-->[com.google.android.gms:play-services-maps:18.0.2] AndroidManifest.xml:41:13-37
77
78        <activity
78-->[com.google.android.gms:play-services-base:18.0.1] AndroidManifest.xml:20:9-22:45
79            android:name="com.google.android.gms.common.api.GoogleApiActivity"
79-->[com.google.android.gms:play-services-base:18.0.1] AndroidManifest.xml:20:19-85
80            android:exported="false"
80-->[com.google.android.gms:play-services-base:18.0.1] AndroidManifest.xml:22:19-43
81            android:theme="@android:style/Theme.Translucent.NoTitleBar" />
81-->[com.google.android.gms:play-services-base:18.0.1] AndroidManifest.xml:21:19-78
82
83        <meta-data
83-->[com.google.android.gms:play-services-basement:18.0.0] AndroidManifest.xml:21:9-23:69
84            android:name="com.google.android.gms.version"
84-->[com.google.android.gms:play-services-basement:18.0.0] AndroidManifest.xml:22:13-58
85            android:value="@integer/google_play_services_version" />
85-->[com.google.android.gms:play-services-basement:18.0.0] AndroidManifest.xml:23:13-66
86
87        <provider
87-->[androidx.emoji2:emoji2:1.0.0] AndroidManifest.xml:26:9-34:20
88            android:name="androidx.startup.InitializationProvider"
88-->[androidx.emoji2:emoji2:1.0.0] AndroidManifest.xml:27:13-67
89            android:authorities="com.fadi.nautilus.androidx-startup"
89-->[androidx.emoji2:emoji2:1.0.0] AndroidManifest.xml:28:13-68
90            android:exported="false" >
90-->[androidx.emoji2:emoji2:1.0.0] AndroidManifest.xml:29:13-37
91            <meta-data
91-->[androidx.emoji2:emoji2:1.0.0] AndroidManifest.xml:31:13-33:52
92                android:name="androidx.emoji2.text.EmojiCompatInitializer"
92-->[androidx.emoji2:emoji2:1.0.0] AndroidManifest.xml:32:17-75
93                android:value="androidx.startup" />
93-->[androidx.emoji2:emoji2:1.0.0] AndroidManifest.xml:33:17-49
94            <meta-data
94-->[androidx.lifecycle:lifecycle-process:2.4.0] AndroidManifest.xml:31:13-33:52
95                android:name="androidx.lifecycle.ProcessLifecycleInitializer"
95-->[androidx.lifecycle:lifecycle-process:2.4.0] AndroidManifest.xml:32:17-78
96                android:value="androidx.startup" />
96-->[androidx.lifecycle:lifecycle-process:2.4.0] AndroidManifest.xml:33:17-49
97        </provider>
98    </application>
99
100</manifest>